<?xml version="1.0" encoding="UTF-8"?>
<testsuite xmlns:xsi="http://www.w3.org/2001/XMLSchema-instance" xsi:schemaLocation="https://maven.apache.org/surefire/maven-surefire-plugin/xsd/surefire-test-report.xsd" name="org.apache.rocketmq.acl.plain.PlainAccessValidatorTest" time="0.963" tests="24" errors="0" skipped="0" failures="0">
  <properties>
    <property name="java.runtime.name" value="Java(TM) SE Runtime Environment"/>
    <property name="sun.boot.library.path" value="/Library/Java/JavaVirtualMachines/jdk1.8.0_211.jdk/Contents/Home/jre/lib"/>
    <property name="java.vm.version" value="25.211-b12"/>
    <property name="gopherProxySet" value="false"/>
    <property name="java.vm.vendor" value="Oracle Corporation"/>
    <property name="maven.multiModuleProjectDirectory" value="/Users/yangweixing/Desktop/github_open/rocketmq-all-4.8.0-source-release"/>
    <property name="java.vendor.url" value="http://java.oracle.com/"/>
    <property name="path.separator" value=":"/>
    <property name="guice.disable.misplaced.annotation.check" value="true"/>
    <property name="java.vm.name" value="Java HotSpot(TM) 64-Bit Server VM"/>
    <property name="file.encoding.pkg" value="sun.io"/>
    <property name="user.country" value="CN"/>
    <property name="sun.java.launcher" value="SUN_STANDARD"/>
    <property name="sun.os.patch.level" value="unknown"/>
    <property name="java.vm.specification.name" value="Java Virtual Machine Specification"/>
    <property name="user.dir" value="/Users/yangweixing/Desktop/github_open/rocketmq-all-4.8.0-source-release"/>
    <property name="java.runtime.version" value="1.8.0_211-b12"/>
    <property name="java.awt.graphicsenv" value="sun.awt.CGraphicsEnvironment"/>
    <property name="java.endorsed.dirs" value="/Library/Java/JavaVirtualMachines/jdk1.8.0_211.jdk/Contents/Home/jre/lib/endorsed"/>
    <property name="os.arch" value="x86_64"/>
    <property name="java.io.tmpdir" value="/var/folders/md/nvlgdd7j2bx1dltdft_ljkp40000gn/T/"/>
    <property name="line.separator" value="&#10;"/>
    <property name="java.vm.specification.vendor" value="Oracle Corporation"/>
    <property name="os.name" value="Mac OS X"/>
    <property name="classworlds.conf" value="/Users/yangweixing/DevOPS/Maven/apache-maven-3.6.3/bin/m2.conf"/>
    <property name="sun.jnu.encoding" value="UTF-8"/>
    <property name="java.library.path" value="/Users/yangweixing/Library/Java/Extensions:/Library/Java/Extensions:/Network/Library/Java/Extensions:/System/Library/Java/Extensions:/usr/lib/java:."/>
    <property name="maven.conf" value="/Users/yangweixing/DevOPS/Maven/apache-maven-3.6.3/conf"/>
    <property name="java.specification.name" value="Java Platform API Specification"/>
    <property name="java.class.version" value="52.0"/>
    <property name="sun.management.compiler" value="HotSpot 64-Bit Tiered Compilers"/>
    <property name="os.version" value="10.15.7"/>
    <property name="library.jansi.path" value="/Users/yangweixing/DevOPS/Maven/apache-maven-3.6.3/lib/jansi-native"/>
    <property name="http.nonProxyHosts" value="local|*.local|169.254/16|*.169.254/16"/>
    <property name="user.home" value="/Users/yangweixing"/>
    <property name="user.timezone" value="Asia/Shanghai"/>
    <property name="java.awt.printerjob" value="sun.lwawt.macosx.CPrinterJob"/>
    <property name="java.specification.version" value="1.8"/>
    <property name="file.encoding" value="UTF-8"/>
    <property name="user.name" value="yangweixing"/>
    <property name="java.class.path" value="/Users/yangweixing/DevOPS/Maven/apache-maven-3.6.3/boot/plexus-classworlds-2.6.0.jar"/>
    <property name="java.vm.specification.version" value="1.8"/>
    <property name="sun.arch.data.model" value="64"/>
    <property name="java.home" value="/Library/Java/JavaVirtualMachines/jdk1.8.0_211.jdk/Contents/Home/jre"/>
    <property name="sun.java.command" value="org.codehaus.plexus.classworlds.launcher.Launcher clean install"/>
    <property name="java.specification.vendor" value="Oracle Corporation"/>
    <property name="user.language" value="zh"/>
    <property name="awt.toolkit" value="sun.lwawt.macosx.LWCToolkit"/>
    <property name="java.vm.info" value="mixed mode"/>
    <property name="java.version" value="1.8.0_211"/>
    <property name="java.ext.dirs" value="/Users/yangweixing/Library/Java/Extensions:/Library/Java/JavaVirtualMachines/jdk1.8.0_211.jdk/Contents/Home/jre/lib/ext:/Library/Java/Extensions:/Network/Library/Java/Extensions:/System/Library/Java/Extensions:/usr/lib/java"/>
    <property name="sun.boot.class.path" value="/Library/Java/JavaVirtualMachines/jdk1.8.0_211.jdk/Contents/Home/jre/lib/resources.jar:/Library/Java/JavaVirtualMachines/jdk1.8.0_211.jdk/Contents/Home/jre/lib/rt.jar:/Library/Java/JavaVirtualMachines/jdk1.8.0_211.jdk/Contents/Home/jre/lib/sunrsasign.jar:/Library/Java/JavaVirtualMachines/jdk1.8.0_211.jdk/Contents/Home/jre/lib/jsse.jar:/Library/Java/JavaVirtualMachines/jdk1.8.0_211.jdk/Contents/Home/jre/lib/jce.jar:/Library/Java/JavaVirtualMachines/jdk1.8.0_211.jdk/Contents/Home/jre/lib/charsets.jar:/Library/Java/JavaVirtualMachines/jdk1.8.0_211.jdk/Contents/Home/jre/lib/jfr.jar:/Library/Java/JavaVirtualMachines/jdk1.8.0_211.jdk/Contents/Home/jre/classes"/>
    <property name="java.vendor" value="Oracle Corporation"/>
    <property name="maven.home" value="/Users/yangweixing/DevOPS/Maven/apache-maven-3.6.3"/>
    <property name="file.separator" value="/"/>
    <property name="java.vendor.url.bug" value="http://bugreport.sun.com/bugreport/"/>
    <property name="sun.cpu.endian" value="little"/>
    <property name="sun.io.unicode.encoding" value="UnicodeBig"/>
    <property name="socksNonProxyHosts" value="local|*.local|169.254/16|*.169.254/16"/>
    <property name="ftp.nonProxyHosts" value="local|*.local|169.254/16|*.169.254/16"/>
    <property name="sun.cpu.isalist" value=""/>
  </properties>
  <testcase name="validateConsumeMessageBackTest" classname="org.apache.rocketmq.acl.plain.PlainAccessValidatorTest" time="0.699"/>
  <testcase name="validateHeartBeatTest" classname="org.apache.rocketmq.acl.plain.PlainAccessValidatorTest" time="0.031"/>
  <testcase name="deleteAccessAclYamlConfigNormalTest" classname="org.apache.rocketmq.acl.plain.PlainAccessValidatorTest" time="0.033"/>
  <testcase name="validateForAdminCommandWithOutAclRPCHook" classname="org.apache.rocketmq.acl.plain.PlainAccessValidatorTest" time="0.004"/>
  <testcase name="updateAccessAclYamlConfigTest" classname="org.apache.rocketmq.acl.plain.PlainAccessValidatorTest" time="0.014"/>
  <testcase name="validateSendMessageTest" classname="org.apache.rocketmq.acl.plain.PlainAccessValidatorTest" time="0.005"/>
  <testcase name="validateUpdateConsumerOffSetTest" classname="org.apache.rocketmq.acl.plain.PlainAccessValidatorTest" time="0.035"/>
  <testcase name="contentTest" classname="org.apache.rocketmq.acl.plain.PlainAccessValidatorTest" time="0.001"/>
  <testcase name="updateAccessAclYamlConfigNormalTest" classname="org.apache.rocketmq.acl.plain.PlainAccessValidatorTest" time="0.001"/>
  <testcase name="validateQueryMessageTest" classname="org.apache.rocketmq.acl.plain.PlainAccessValidatorTest" time="0.001"/>
  <testcase name="validateSendMessageV2Test" classname="org.apache.rocketmq.acl.plain.PlainAccessValidatorTest" time="0"/>
  <testcase name="validateNullAccessKeyTest" classname="org.apache.rocketmq.acl.plain.PlainAccessValidatorTest" time="0"/>
  <testcase name="createAndUpdateAccessAclYamlConfigNormalTest" classname="org.apache.rocketmq.acl.plain.PlainAccessValidatorTest" time="0.015"/>
  <testcase name="validatePullMessageTest" classname="org.apache.rocketmq.acl.plain.PlainAccessValidatorTest" time="0.003"/>
  <testcase name="validateTest" classname="org.apache.rocketmq.acl.plain.PlainAccessValidatorTest" time="0.002"/>
  <testcase name="updateAccessAclYamlConfigExceptionTest" classname="org.apache.rocketmq.acl.plain.PlainAccessValidatorTest" time="0.004"/>
  <testcase name="validateQueryMessageByKeyTest" classname="org.apache.rocketmq.acl.plain.PlainAccessValidatorTest" time="0.002"/>
  <testcase name="getAllAclConfigTest" classname="org.apache.rocketmq.acl.plain.PlainAccessValidatorTest" time="0.004"/>
  <testcase name="validateGetAllTopicConfigTest" classname="org.apache.rocketmq.acl.plain.PlainAccessValidatorTest" time="0.002"/>
  <testcase name="updateGlobalWhiteAddrsNormalTest" classname="org.apache.rocketmq.acl.plain.PlainAccessValidatorTest" time="0.008"/>
  <testcase name="validateUnRegisterClientTest" classname="org.apache.rocketmq.acl.plain.PlainAccessValidatorTest" time="0.008"/>
  <testcase name="updateAccessAclYamlConfigWithNoAccoutsExceptionTest" classname="org.apache.rocketmq.acl.plain.PlainAccessValidatorTest" time="0.001"/>
  <testcase name="validateGetConsumerListByGroupTest" classname="org.apache.rocketmq.acl.plain.PlainAccessValidatorTest" time="0.004"/>
  <testcase name="validateErrorSecretKeyTest" classname="org.apache.rocketmq.acl.plain.PlainAccessValidatorTest" time="0.002"/>
</testsuite>